<?xml version="1.0" encoding="UTF-8"?>
<testsuite xmlns:xsi="http://www.w3.org/2001/XMLSchema-instance" xsi:noNamespaceSchemaLocation="https://maven.apache.org/surefire/maven-surefire-plugin/xsd/surefire-test-report-3.0.xsd" version="3.0" name="model.enemies.FastEnemyTest" time="0.098" tests="5" errors="0" skipped="0" failures="0">
  <properties>
    <property name="java.specification.version" value="23"/>
    <property name="sun.cpu.isalist" value="amd64"/>
    <property name="sun.jnu.encoding" value="Cp1251"/>
    <property name="sun.awt.enableExtraMouseButtons" value="true"/>
    <property name="java.class.path" value="C:\work\university\oop\plane-game\target\test-classes;C:\work\university\oop\plane-game\target\classes;C:\Users\Глеб\.m2\repository\org\junit\jupiter\junit-jupiter\5.10.2\junit-jupiter-5.10.2.jar;C:\Users\Глеб\.m2\repository\org\junit\jupiter\junit-jupiter-api\5.10.2\junit-jupiter-api-5.10.2.jar;C:\Users\Глеб\.m2\repository\org\opentest4j\opentest4j\1.3.0\opentest4j-1.3.0.jar;C:\Users\Глеб\.m2\repository\org\junit\platform\junit-platform-commons\1.10.2\junit-platform-commons-1.10.2.jar;C:\Users\Глеб\.m2\repository\org\junit\jupiter\junit-jupiter-params\5.10.2\junit-jupiter-params-5.10.2.jar;C:\Users\Глеб\.m2\repository\org\junit\jupiter\junit-jupiter-engine\5.10.2\junit-jupiter-engine-5.10.2.jar;C:\Users\Глеб\.m2\repository\org\junit\platform\junit-platform-engine\1.10.2\junit-platform-engine-1.10.2.jar;C:\Users\Глеб\.m2\repository\org\apiguardian\apiguardian-api\1.1.2\apiguardian-api-1.1.2.jar;"/>
    <property name="java.vm.vendor" value="Oracle Corporation"/>
    <property name="sun.arch.data.model" value="64"/>
    <property name="user.variant" value=""/>
    <property name="java.vendor.url" value="https://java.oracle.com/"/>
    <property name="user.timezone" value="Europe/Bratislava"/>
    <property name="os.name" value="Windows 10"/>
    <property name="java.vm.specification.version" value="23"/>
    <property name="sun.java.launcher" value="SUN_STANDARD"/>
    <property name="user.country" value="RU"/>
    <property name="sun.boot.library.path" value="C:\Users\Глеб\.jdks\openjdk-23.0.1\bin"/>
    <property name="sun.java.command" value="C:\Users\Глеб\AppData\Local\Temp\surefire17487751356174332748\surefirebooter-20250425213103830_3.jar C:\Users\Глеб\AppData\Local\Temp\surefire17487751356174332748 2025-04-25T21-31-03_728-jvmRun1 surefire-20250425213103830_1tmp surefire_0-20250425213103830_2tmp"/>
    <property name="jdk.debug" value="release"/>
    <property name="surefire.test.class.path" value="C:\work\university\oop\plane-game\target\test-classes;C:\work\university\oop\plane-game\target\classes;C:\Users\Глеб\.m2\repository\org\junit\jupiter\junit-jupiter\5.10.2\junit-jupiter-5.10.2.jar;C:\Users\Глеб\.m2\repository\org\junit\jupiter\junit-jupiter-api\5.10.2\junit-jupiter-api-5.10.2.jar;C:\Users\Глеб\.m2\repository\org\opentest4j\opentest4j\1.3.0\opentest4j-1.3.0.jar;C:\Users\Глеб\.m2\repository\org\junit\platform\junit-platform-commons\1.10.2\junit-platform-commons-1.10.2.jar;C:\Users\Глеб\.m2\repository\org\junit\jupiter\junit-jupiter-params\5.10.2\junit-jupiter-params-5.10.2.jar;C:\Users\Глеб\.m2\repository\org\junit\jupiter\junit-jupiter-engine\5.10.2\junit-jupiter-engine-5.10.2.jar;C:\Users\Глеб\.m2\repository\org\junit\platform\junit-platform-engine\1.10.2\junit-platform-engine-1.10.2.jar;C:\Users\Глеб\.m2\repository\org\apiguardian\apiguardian-api\1.1.2\apiguardian-api-1.1.2.jar;"/>
    <property name="sun.cpu.endian" value="little"/>
    <property name="user.home" value="C:\Users\Глеб"/>
    <property name="user.language" value="ru"/>
    <property name="java.specification.vendor" value="Oracle Corporation"/>
    <property name="java.version.date" value="2024-10-15"/>
    <property name="java.home" value="C:\Users\Глеб\.jdks\openjdk-23.0.1"/>
    <property name="file.separator" value="\"/>
    <property name="basedir" value="C:\work\university\oop\plane-game"/>
    <property name="java.vm.compressedOopsMode" value="Zero based"/>
    <property name="line.separator" value="&#10;"/>
    <property name="java.vm.specification.vendor" value="Oracle Corporation"/>
    <property name="java.specification.name" value="Java Platform API Specification"/>
    <property name="surefire.real.class.path" value="C:\Users\Глеб\AppData\Local\Temp\surefire17487751356174332748\surefirebooter-20250425213103830_3.jar"/>
    <property name="user.script" value=""/>
    <property name="sun.management.compiler" value="HotSpot 64-Bit Tiered Compilers"/>
    <property name="java.runtime.version" value="23.0.1+11-39"/>
    <property name="user.name" value="Глеб"/>
    <property name="stdout.encoding" value="Cp1251"/>
    <property name="path.separator" value=";"/>
    <property name="os.version" value="10.0"/>
    <property name="java.runtime.name" value="OpenJDK Runtime Environment"/>
    <property name="file.encoding" value="UTF-8"/>
    <property name="java.vm.name" value="OpenJDK 64-Bit Server VM"/>
    <property name="localRepository" value="C:\Users\Глеб\.m2\repository"/>
    <property name="java.vendor.url.bug" value="https://bugreport.java.com/bugreport/"/>
    <property name="java.io.tmpdir" value="C:\Users\D4E9~1\AppData\Local\Temp\"/>
    <property name="idea.version" value="2024.3.1.1"/>
    <property name="java.version" value="23.0.1"/>
    <property name="user.dir" value="C:\work\university\oop\plane-game"/>
    <property name="os.arch" value="amd64"/>
    <property name="java.vm.specification.name" value="Java Virtual Machine Specification"/>
    <property name="sun.os.patch.level" value=""/>
    <property name="native.encoding" value="Cp1251"/>
    <property name="java.library.path" value="C:\Users\Глеб\.jdks\openjdk-23.0.1\bin;C:\Windows\Sun\Java\bin;C:\Windows\system32;C:\Windows;C:\Windows\system32;C:\Windows;C:\Windows\System32\Wbem;C:\Windows\System32\WindowsPowerShell\v1.0\;C:\Windows\System32\OpenSSH\;C:\Program Files\nodejs\;C:\Program Files\Git\cmd;C:\ProgramData\chocolatey\bin;C:\Users\Глеб\AppData\Local\Microsoft\WindowsApps;C:\Users\Глеб\AppData\Roaming\npm;C:\Program Files\JetBrains\IntelliJ IDEA Community Edition 2024.3.1.1\bin;;C:\Users\Глеб\AppData\Local\GitHubDesktop\bin;C:\Program Files\JetBrains\WebStorm 2024.3.5\bin;;."/>
    <property name="java.vm.info" value="mixed mode, sharing"/>
    <property name="stderr.encoding" value="Cp1251"/>
    <property name="java.vendor" value="Oracle Corporation"/>
    <property name="java.vm.version" value="23.0.1+11-39"/>
    <property name="sun.io.unicode.encoding" value="UnicodeLittle"/>
    <property name="java.class.version" value="67.0"/>
  </properties>
  <testcase name="enemyTakesDamage" classname="model.enemies.FastEnemyTest" time="0.082">
    <system-out><![CDATA[state: service.game_state.state_pattern.MainMenuState@7859e786
Inside loop
Draw called
MainMenuStare
GameRenderer
MainMenuRenderer
state: service.game_state.state_pattern.MainMenuState@1601e47
Inside loop
Draw called
MainMenuStare
GameRenderer
MainMenuRenderer
state: service.game_state.state_pattern.MainMenuState@7859e786
Inside loop
Draw called
MainMenuStare
GameRenderer
MainMenuRenderer
state: service.game_state.state_pattern.MainMenuState@1601e47
Inside loop
Draw called
MainMenuStare
GameRenderer
MainMenuRenderer
state: service.game_state.state_pattern.MainMenuState@7859e786
Inside loop
Draw called
MainMenuStare
GameRenderer
MainMenuRenderer
state: service.game_state.state_pattern.MainMenuState@1601e47
Inside loop
Draw called
MainMenuStare
GameRenderer
MainMenuRenderer
state: service.game_state.state_pattern.MainMenuState@7859e786
Inside loop
Draw called
MainMenuStare
GameRenderer
MainMenuRenderer
state: service.game_state.state_pattern.MainMenuState@1601e47
Inside loop
Draw called
MainMenuStare
GameRenderer
MainMenuRenderer
state: service.game_state.state_pattern.MainMenuState@7859e786
Inside loop
Draw called
MainMenuStare
GameRenderer
MainMenuRenderer
state: service.game_state.state_pattern.MainMenuState@1601e47
Inside loop
Draw called
MainMenuStare
GameRenderer
MainMenuRenderer
]]></system-out>
    <system-err><![CDATA[апр. 25, 2025 9:31:05 PM java.awt.EventDispatchThread pumpOneEventForFilters
FINEST: Dispatching: java.awt.event.InvocationEvent[INVOCATION_DEFAULT,runnable=core.game_loop.GameLoop$$Lambda/0x000001e8c8182088@3b888181,notifier=null,catchExceptions=false,when=1745609465303] on sun.awt.windows.WToolkit@7ec307c2
апр. 25, 2025 9:31:05 PM java.awt.EventDispatchThread pumpOneEventForFilters
FINEST: Dispatching: java.awt.event.InvocationEvent[INVOCATION_DEFAULT,runnable=core.game_loop.GameLoop$$Lambda/0x000001e8c8182088@2dfe6b5,notifier=null,catchExceptions=false,when=1745609465308] on sun.awt.windows.WToolkit@7ec307c2
апр. 25, 2025 9:31:05 PM java.awt.EventDispatchThread pumpOneEventForFilters
FINEST: Dispatching: java.awt.event.InvocationEvent[INVOCATION_DEFAULT,runnable=core.game_loop.GameLoop$$Lambda/0x000001e8c8182088@1b5a2544,notifier=null,catchExceptions=false,when=1745609465320] on sun.awt.windows.WToolkit@7ec307c2
апр. 25, 2025 9:31:05 PM java.awt.EventDispatchThread pumpOneEventForFilters
FINEST: Dispatching: java.awt.event.InvocationEvent[INVOCATION_DEFAULT,runnable=core.game_loop.GameLoop$$Lambda/0x000001e8c8182088@26610211,notifier=null,catchExceptions=false,when=1745609465326] on sun.awt.windows.WToolkit@7ec307c2
апр. 25, 2025 9:31:05 PM java.awt.EventDispatchThread pumpOneEventForFilters
FINEST: Dispatching: java.awt.event.InvocationEvent[INVOCATION_DEFAULT,runnable=core.game_loop.GameLoop$$Lambda/0x000001e8c8182088@599a0bd5,notifier=null,catchExceptions=false,when=1745609465338] on sun.awt.windows.WToolkit@7ec307c2
апр. 25, 2025 9:31:05 PM java.awt.EventDispatchThread pumpOneEventForFilters
FINEST: Dispatching: java.awt.event.InvocationEvent[INVOCATION_DEFAULT,runnable=core.game_loop.GameLoop$$Lambda/0x000001e8c8182088@240da41d,notifier=null,catchExceptions=false,when=1745609465343] on sun.awt.windows.WToolkit@7ec307c2
апр. 25, 2025 9:31:05 PM java.awt.EventDispatchThread pumpOneEventForFilters
FINEST: Dispatching: java.awt.event.InvocationEvent[INVOCATION_DEFAULT,runnable=core.game_loop.GameLoop$$Lambda/0x000001e8c8182088@6eb7d5dd,notifier=null,catchExceptions=false,when=1745609465354] on sun.awt.windows.WToolkit@7ec307c2
апр. 25, 2025 9:31:05 PM java.awt.EventDispatchThread pumpOneEventForFilters
FINEST: Dispatching: java.awt.event.InvocationEvent[INVOCATION_DEFAULT,runnable=core.game_loop.GameLoop$$Lambda/0x000001e8c8182088@40e83390,notifier=null,catchExceptions=false,when=1745609465360] on sun.awt.windows.WToolkit@7ec307c2
апр. 25, 2025 9:31:05 PM java.awt.EventDispatchThread pumpOneEventForFilters
FINEST: Dispatching: java.awt.event.InvocationEvent[INVOCATION_DEFAULT,runnable=core.game_loop.GameLoop$$Lambda/0x000001e8c8182088@49a54cfb,notifier=null,catchExceptions=false,when=1745609465370] on sun.awt.windows.WToolkit@7ec307c2
апр. 25, 2025 9:31:05 PM java.awt.EventDispatchThread pumpOneEventForFilters
FINEST: Dispatching: java.awt.event.InvocationEvent[INVOCATION_DEFAULT,runnable=core.game_loop.GameLoop$$Lambda/0x000001e8c8182088@c1249e,notifier=null,catchExceptions=false,when=1745609465377] on sun.awt.windows.WToolkit@7ec307c2
]]></system-err>
  </testcase>
  <testcase name="enemyInitializesCorrectly" classname="model.enemies.FastEnemyTest" time="0.002"/>
  <testcase name="getShapeShouldReturnShape" classname="model.enemies.FastEnemyTest" time="0.004">
    <system-out><![CDATA[state: service.game_state.state_pattern.MainMenuState@7859e786
Inside loop
Draw called
MainMenuStare
GameRenderer
MainMenuRenderer
]]></system-out>
    <system-err><![CDATA[апр. 25, 2025 9:31:05 PM java.awt.EventDispatchThread pumpOneEventForFilters
FINEST: Dispatching: java.awt.event.InvocationEvent[INVOCATION_DEFAULT,runnable=core.game_loop.GameLoop$$Lambda/0x000001e8c8182088@50880066,notifier=null,catchExceptions=false,when=1745609465389] on sun.awt.windows.WToolkit@7ec307c2
]]></system-err>
  </testcase>
  <testcase name="enemyDiesWhenHpZero" classname="model.enemies.FastEnemyTest" time="0.002"/>
  <testcase name="enemyMovesWhileUpdated" classname="model.enemies.FastEnemyTest" time="0.002">
    <system-out><![CDATA[state: service.game_state.state_pattern.MainMenuState@1601e47
Inside loop
Draw called
MainMenuStare
GameRenderer
MainMenuRenderer
]]></system-out>
  </testcase>
</testsuite>